2025-08-20 18:39:51,988 - INFO - Processing file: C:\Users\Andrii\Downloads\0f86d720-723e-4932-b5f3-f6162a9bdd0dyour-energy-main.zip -> C:\Users\Andrii\Downloads\hw-04\zip
2025-08-20 18:39:51,992 - INFO - Processing file: C:\Users\Andrii\Downloads\1-MB-WAV.wav -> C:\Users\Andrii\Downloads\hw-04\wav
2025-08-20 18:39:51,995 - INFO - Processing file: C:\Users\Andrii\Downloads\2025-03-07 15-47-01.mkv -> C:\Users\Andrii\Downloads\hw-04\mkv
2025-08-20 18:39:51,999 - INFO - Processing file: C:\Users\Andrii\Downloads\2025-05-22_12h30_41.mp4 -> C:\Users\Andrii\Downloads\hw-04\mp4
2025-08-20 18:39:52,005 - INFO - Processing file: C:\Users\Andrii\Downloads\2025-07-20_15h33_14.mp4 -> C:\Users\Andrii\Downloads\hw-04\mp4
2025-08-20 18:39:52,009 - INFO - Processing file: C:\Users\Andrii\Downloads\2025-08-07_17h22_18.mp4 -> C:\Users\Andrii\Downloads\hw-04\mp4
2025-08-20 18:39:52,012 - INFO - Processing file: C:\Users\Andrii\Downloads\4lCu2zih0ca.svg -> C:\Users\Andrii\Downloads\hw-04\svg
2025-08-20 18:39:52,015 - INFO - Processing file: C:\Users\Andrii\Downloads\8883858671637.pdf -> C:\Users\Andrii\Downloads\hw-04\pdf
2025-08-20 18:39:52,017 - INFO - Processing file: C:\Users\Andrii\Downloads\8884535629378.pdf -> C:\Users\Andrii\Downloads\hw-04\pdf
2025-08-20 18:39:52,020 - INFO - Processing file: C:\Users\Andrii\Downloads\9107696858357.pdf -> C:\Users\Andrii\Downloads\hw-04\pdf
2025-08-20 18:39:52,023 - INFO - Processing file: C:\Users\Andrii\Downloads\960747ce-2253-4915-8b2c-5fc893647cd5Andrii Rohovenko Рев’ю створенню інтерактивних вебсторінок із використанням методів масивів.docx -> C:\Users\Andrii\Downloads\hw-04\docx
2025-08-20 18:39:52,025 - INFO - Processing file: C:\Users\Andrii\Downloads\Andrii Image test_id_f1484a98-a814-47e1-877d-6e539f9a5461_original.jpg -> C:\Users\Andrii\Downloads\hw-04\jpg
2025-08-20 18:39:52,028 - INFO - Processing file: C:\Users\Andrii\Downloads\Andrii Rohovenko hw-01.docx -> C:\Users\Andrii\Downloads\hw-04\docx
2025-08-20 18:39:52,031 - INFO - Processing file: C:\Users\Andrii\Downloads\Andrii Rohovenko Принцип роботи кросплатформенних додатків з великими об’ємами даних з REDUX.docx -> C:\Users\Andrii\Downloads\hw-04\docx
2025-08-20 18:39:52,033 - INFO - Processing file: C:\Users\Andrii\Downloads\Andrii Rohovenko Рев’ю Навчання створенню інтерактивних вебсторінок із використанням методів масивів мови JavaScript та студентських мініпроєктів..pdf -> C:\Users\Andrii\Downloads\hw-04\pdf
2025-08-20 18:39:52,036 - INFO - Processing file: C:\Users\Andrii\Downloads\Andrii Rohovenko Рев’ю Об’єктно-орієнтований підхід в програмуванні.docx -> C:\Users\Andrii\Downloads\hw-04\docx
2025-08-20 18:39:52,039 - INFO - Processing file: C:\Users\Andrii\Downloads\Andrii Rohovenko Рев’ю Програмний модуль відслідковування помилок у веб-додатках.docx -> C:\Users\Andrii\Downloads\hw-04\docx
2025-08-20 18:39:52,041 - INFO - Processing file: C:\Users\Andrii\Downloads\Andrii Rohovenko Рев’ю створенню інтерактивних вебсторінок із використанням методів масивів.docx -> C:\Users\Andrii\Downloads\hw-04\docx
2025-08-20 18:39:52,044 - INFO - Processing file: C:\Users\Andrii\Downloads\Andrii Rohovenko. Рев’ю РОЗРОБКА АДАПТИВНОГО WEB-ІНТЕРФЕЙСУ.docx -> C:\Users\Andrii\Downloads\hw-04\docx
2025-08-20 18:39:52,046 - INFO - Processing file: C:\Users\Andrii\Downloads\Andrii Rohovenko. РОЗРОБКА АДАПТИВНОГО WEB-ІНТЕРФЕЙСУ ДЛЯ ДОДАТКУ КЕРУВАННЯ ОСОБИСТИМИ ФІНАНСАМИ.docx -> C:\Users\Andrii\Downloads\hw-04\docx
2025-08-20 18:39:52,048 - INFO - Processing file: C:\Users\Andrii\Downloads\Andrii Rohovenko_ Рев’ю PWA як перспективний напрямок об'єднання веб та мобільних технологій.docx -> C:\Users\Andrii\Downloads\hw-04\docx
2025-08-20 18:39:52,051 - INFO - Processing file: C:\Users\Andrii\Downloads\Andrii Rohovenko_ Рев’ю Аналітичний огляд сучасних JavaScript рішень для розробки веб-додатків..docx -> C:\Users\Andrii\Downloads\hw-04\docx
2025-08-20 18:39:52,053 - INFO - Processing file: C:\Users\Andrii\Downloads\Andrii Rohovenko_ Рев’ю публікації _Аналіз життєвого циклу та процесу розробки web-застосунків_.docx -> C:\Users\Andrii\Downloads\hw-04\docx
2025-08-20 18:39:52,055 - INFO - Processing file: C:\Users\Andrii\Downloads\AnnouncementReceivers_2025_07_19_11_58_24.xlsx -> C:\Users\Andrii\Downloads\hw-04\xlsx
2025-08-20 18:39:52,057 - INFO - Processing file: C:\Users\Andrii\Downloads\AnnouncementReceivers_2025_07_19_12_05_16.xlsx -> C:\Users\Andrii\Downloads\hw-04\xlsx
2025-08-20 18:39:52,060 - INFO - Processing file: C:\Users\Andrii\Downloads\Announcements_2025_07_19_11_41_46.xlsx -> C:\Users\Andrii\Downloads\hw-04\xlsx
2025-08-20 18:39:52,062 - INFO - Processing file: C:\Users\Andrii\Downloads\Announcements_2025_07_19_11_42_56.xlsx -> C:\Users\Andrii\Downloads\hw-04\xlsx
2025-08-20 18:39:52,065 - INFO - Processing file: C:\Users\Andrii\Downloads\api.json -> C:\Users\Andrii\Downloads\hw-04\json
2025-08-20 18:39:52,067 - INFO - Processing file: C:\Users\Andrii\Downloads\api.log -> C:\Users\Andrii\Downloads\hw-04\log
2025-08-20 18:39:52,069 - INFO - Processing file: C:\Users\Andrii\Downloads\api_log.json -> C:\Users\Andrii\Downloads\hw-04\json
2025-08-20 18:39:52,071 - INFO - Processing file: C:\Users\Andrii\Downloads\Articles_2025_01_20_16_35_37.xlsx -> C:\Users\Andrii\Downloads\hw-04\xlsx
2025-08-20 18:39:52,073 - INFO - Processing file: C:\Users\Andrii\Downloads\Articles_2025_01_21_09_38_13.xlsx -> C:\Users\Andrii\Downloads\hw-04\xlsx
2025-08-20 18:39:52,075 - INFO - Processing file: C:\Users\Andrii\Downloads\Articles_2025_02_20_15_12_37.xlsx -> C:\Users\Andrii\Downloads\hw-04\xlsx
2025-08-20 18:39:52,078 - INFO - Processing file: C:\Users\Andrii\Downloads\Articles_2025_05_14_14_17_39.xlsx -> C:\Users\Andrii\Downloads\hw-04\xlsx
2025-08-20 18:39:52,080 - INFO - Processing file: C:\Users\Andrii\Downloads\Articles_2025_05_26_09_52_47.xlsx -> C:\Users\Andrii\Downloads\hw-04\xlsx
2025-08-20 18:39:52,082 - INFO - Processing file: C:\Users\Andrii\Downloads\artifacts-run-tests (1).zip -> C:\Users\Andrii\Downloads\hw-04\zip
2025-08-20 18:39:52,084 - INFO - Processing file: C:\Users\Andrii\Downloads\artifacts-run-tests (10).zip -> C:\Users\Andrii\Downloads\hw-04\zip
2025-08-20 18:39:52,086 - INFO - Processing file: C:\Users\Andrii\Downloads\artifacts-run-tests (11).zip -> C:\Users\Andrii\Downloads\hw-04\zip
2025-08-20 18:39:52,089 - INFO - Processing file: C:\Users\Andrii\Downloads\artifacts-run-tests (12).zip -> C:\Users\Andrii\Downloads\hw-04\zip
2025-08-20 18:39:52,091 - INFO - Processing file: C:\Users\Andrii\Downloads\artifacts-run-tests (13).zip -> C:\Users\Andrii\Downloads\hw-04\zip
2025-08-20 18:39:52,093 - INFO - Processing file: C:\Users\Andrii\Downloads\artifacts-run-tests (14).zip -> C:\Users\Andrii\Downloads\hw-04\zip
2025-08-20 18:39:52,095 - INFO - Processing file: C:\Users\Andrii\Downloads\artifacts-run-tests (15).zip -> C:\Users\Andrii\Downloads\hw-04\zip
2025-08-20 18:39:52,098 - INFO - Processing file: C:\Users\Andrii\Downloads\artifacts-run-tests (16).zip -> C:\Users\Andrii\Downloads\hw-04\zip
2025-08-20 18:39:52,100 - INFO - Processing file: C:\Users\Andrii\Downloads\artifacts-run-tests (17).zip -> C:\Users\Andrii\Downloads\hw-04\zip
2025-08-20 18:39:52,102 - INFO - Processing file: C:\Users\Andrii\Downloads\artifacts-run-tests (18).zip -> C:\Users\Andrii\Downloads\hw-04\zip
2025-08-20 18:39:52,105 - INFO - Processing file: C:\Users\Andrii\Downloads\artifacts-run-tests (19).zip -> C:\Users\Andrii\Downloads\hw-04\zip
2025-08-20 18:39:52,107 - INFO - Processing file: C:\Users\Andrii\Downloads\artifacts-run-tests (2).zip -> C:\Users\Andrii\Downloads\hw-04\zip
2025-08-20 18:39:52,109 - INFO - Processing file: C:\Users\Andrii\Downloads\artifacts-run-tests (20).zip -> C:\Users\Andrii\Downloads\hw-04\zip
2025-08-20 18:39:52,111 - INFO - Processing file: C:\Users\Andrii\Downloads\artifacts-run-tests (21).zip -> C:\Users\Andrii\Downloads\hw-04\zip
2025-08-20 18:39:52,114 - INFO - Processing file: C:\Users\Andrii\Downloads\artifacts-run-tests (22).zip -> C:\Users\Andrii\Downloads\hw-04\zip
2025-08-20 18:39:52,116 - INFO - Processing file: C:\Users\Andrii\Downloads\artifacts-run-tests (23).zip -> C:\Users\Andrii\Downloads\hw-04\zip
2025-08-20 18:39:52,119 - INFO - Processing file: C:\Users\Andrii\Downloads\artifacts-run-tests (24).zip -> C:\Users\Andrii\Downloads\hw-04\zip
2025-08-20 18:39:52,122 - INFO - Processing file: C:\Users\Andrii\Downloads\artifacts-run-tests (25).zip -> C:\Users\Andrii\Downloads\hw-04\zip
2025-08-20 18:39:52,124 - INFO - Processing file: C:\Users\Andrii\Downloads\artifacts-run-tests (26).zip -> C:\Users\Andrii\Downloads\hw-04\zip
2025-08-20 18:39:52,126 - INFO - Processing file: C:\Users\Andrii\Downloads\artifacts-run-tests (27).zip -> C:\Users\Andrii\Downloads\hw-04\zip
2025-08-20 18:39:52,129 - INFO - Processing file: C:\Users\Andrii\Downloads\artifacts-run-tests (28).zip -> C:\Users\Andrii\Downloads\hw-04\zip
2025-08-20 18:39:52,131 - INFO - Processing file: C:\Users\Andrii\Downloads\artifacts-run-tests (29).zip -> C:\Users\Andrii\Downloads\hw-04\zip
2025-08-20 18:39:52,133 - INFO - Processing file: C:\Users\Andrii\Downloads\artifacts-run-tests (3).zip -> C:\Users\Andrii\Downloads\hw-04\zip
2025-08-20 18:39:52,136 - INFO - Processing file: C:\Users\Andrii\Downloads\artifacts-run-tests (30).zip -> C:\Users\Andrii\Downloads\hw-04\zip
2025-08-20 18:39:52,138 - INFO - Processing file: C:\Users\Andrii\Downloads\artifacts-run-tests (31).zip -> C:\Users\Andrii\Downloads\hw-04\zip
2025-08-20 18:39:52,141 - INFO - Processing file: C:\Users\Andrii\Downloads\artifacts-run-tests (32).zip -> C:\Users\Andrii\Downloads\hw-04\zip
2025-08-20 18:39:52,145 - INFO - Processing file: C:\Users\Andrii\Downloads\artifacts-run-tests (33).zip -> C:\Users\Andrii\Downloads\hw-04\zip
2025-08-20 18:39:52,149 - INFO - Processing file: C:\Users\Andrii\Downloads\artifacts-run-tests (34).zip -> C:\Users\Andrii\Downloads\hw-04\zip
2025-08-20 18:39:52,152 - INFO - Processing file: C:\Users\Andrii\Downloads\artifacts-run-tests (4).zip -> C:\Users\Andrii\Downloads\hw-04\zip
2025-08-20 18:39:52,156 - INFO - Processing file: C:\Users\Andrii\Downloads\artifacts-run-tests (5).zip -> C:\Users\Andrii\Downloads\hw-04\zip
2025-08-20 18:39:52,159 - INFO - Processing file: C:\Users\Andrii\Downloads\artifacts-run-tests (6).zip -> C:\Users\Andrii\Downloads\hw-04\zip
2025-08-20 18:39:52,162 - INFO - Processing file: C:\Users\Andrii\Downloads\artifacts-run-tests (7).zip -> C:\Users\Andrii\Downloads\hw-04\zip
2025-08-20 18:39:52,168 - INFO - Processing file: C:\Users\Andrii\Downloads\artifacts-run-tests (8).zip -> C:\Users\Andrii\Downloads\hw-04\zip
2025-08-20 18:39:52,172 - INFO - Processing file: C:\Users\Andrii\Downloads\artifacts-run-tests (9).zip -> C:\Users\Andrii\Downloads\hw-04\zip
2025-08-20 18:39:52,179 - INFO - Processing file: C:\Users\Andrii\Downloads\artifacts-run-tests.zip -> C:\Users\Andrii\Downloads\hw-04\zip
2025-08-20 18:39:52,182 - INFO - Processing file: C:\Users\Andrii\Downloads\AutomaticLinks_2025_01_31_13_25_52.xlsx -> C:\Users\Andrii\Downloads\hw-04\xlsx
2025-08-20 18:39:52,185 - INFO - Processing file: C:\Users\Andrii\Downloads\bass-and-claps-260658.mp3 -> C:\Users\Andrii\Downloads\hw-04\mp3
2025-08-20 18:39:52,188 - INFO - Processing file: C:\Users\Andrii\Downloads\bass-clap-drums-rhythm-260659.mp3 -> C:\Users\Andrii\Downloads\hw-04\mp3
2025-08-20 18:39:52,191 - INFO - Processing file: C:\Users\Andrii\Downloads\Black and White Minimalist Marketing Manager Linkedin Banner.png -> C:\Users\Andrii\Downloads\hw-04\png
2025-08-20 18:39:52,205 - INFO - Processing file: C:\Users\Andrii\Downloads\BrowserStackLocal.msi -> C:\Users\Andrii\Downloads\hw-04\msi
2025-08-20 18:39:52,207 - INFO - Processing file: C:\Users\Andrii\Downloads\bxs_hand-down.svg -> C:\Users\Andrii\Downloads\hw-04\svg
2025-08-20 18:39:52,209 - INFO - Processing file: C:\Users\Andrii\Downloads\Campers.zip -> C:\Users\Andrii\Downloads\hw-04\zip
2025-08-20 18:39:52,211 - INFO - Processing file: C:\Users\Andrii\Downloads\Categories_2024_12_16_12_18_31.xlsx -> C:\Users\Andrii\Downloads\hw-04\xlsx
2025-08-20 18:39:52,218 - INFO - Processing file: C:\Users\Andrii\Downloads\chromedriver-mac-x64.zip -> C:\Users\Andrii\Downloads\hw-04\zip
2025-08-20 18:39:52,224 - INFO - Processing file: C:\Users\Andrii\Downloads\chromedriver-win64 (1).zip -> C:\Users\Andrii\Downloads\hw-04\zip
2025-08-20 18:39:52,231 - INFO - Processing file: C:\Users\Andrii\Downloads\chromedriver-win64 (2).zip -> C:\Users\Andrii\Downloads\hw-04\zip
2025-08-20 18:39:52,237 - INFO - Processing file: C:\Users\Andrii\Downloads\chromedriver-win64.zip -> C:\Users\Andrii\Downloads\hw-04\zip
2025-08-20 18:39:52,239 - INFO - Processing file: C:\Users\Andrii\Downloads\cms-prime-logo-300x100---20-dec-2018.png -> C:\Users\Andrii\Downloads\hw-04\png
2025-08-20 18:39:52,243 - INFO - Processing file: C:\Users\Andrii\Downloads\code-crafters-tp-02-main.zip -> C:\Users\Andrii\Downloads\hw-04\zip
2025-08-20 18:39:52,246 - INFO - Processing file: C:\Users\Andrii\Downloads\Codify Employee_Handbook.pdf -> C:\Users\Andrii\Downloads\hw-04\pdf
2025-08-20 18:39:52,250 - INFO - Processing file: C:\Users\Andrii\Downloads\coming-soon-page (1).rar -> C:\Users\Andrii\Downloads\hw-04\rar
2025-08-20 18:39:52,253 - INFO - Processing file: C:\Users\Andrii\Downloads\coming-soon-page (2).rar -> C:\Users\Andrii\Downloads\hw-04\rar
2025-08-20 18:39:52,256 - INFO - Processing file: C:\Users\Andrii\Downloads\coming-soon-page (3).rar -> C:\Users\Andrii\Downloads\hw-04\rar
2025-08-20 18:39:52,259 - INFO - Processing file: C:\Users\Andrii\Downloads\coming-soon-page.rar -> C:\Users\Andrii\Downloads\hw-04\rar
2025-08-20 18:39:52,261 - INFO - Processing file: C:\Users\Andrii\Downloads\CompaniesLeads_2025_03_07_11_32_32.xlsx -> C:\Users\Andrii\Downloads\hw-04\xlsx
2025-08-20 18:39:52,263 - INFO - Processing file: C:\Users\Andrii\Downloads\Companies_2025_03_07_14_48_43.xlsx -> C:\Users\Andrii\Downloads\hw-04\xlsx
2025-08-20 18:39:53,083 - INFO - Processing file: C:\Users\Andrii\Downloads\cuda_13.0.0_windows.exe -> C:\Users\Andrii\Downloads\hw-04\exe
2025-08-20 18:39:53,086 - INFO - Processing file: C:\Users\Andrii\Downloads\desktop-hero-section-bg-image-1x.jpg -> C:\Users\Andrii\Downloads\hw-04\jpg
2025-08-20 18:39:53,099 - INFO - Processing file: C:\Users\Andrii\Downloads\desktop-hero-section-bg-image-2x.jpg -> C:\Users\Andrii\Downloads\hw-04\jpg
2025-08-20 18:39:53,101 - INFO - Processing file: C:\Users\Andrii\Downloads\desktop.ini -> C:\Users\Andrii\Downloads\hw-04\ini
2025-08-20 18:39:53,103 - INFO - Processing file: C:\Users\Andrii\Downloads\desktop_1x.png -> C:\Users\Andrii\Downloads\hw-04\png
2025-08-20 18:39:53,105 - INFO - Processing file: C:\Users\Andrii\Downloads\desktop_2x.png -> C:\Users\Andrii\Downloads\hw-04\png
2025-08-20 18:39:53,110 - INFO - Processing file: C:\Users\Andrii\Downloads\dextah-battle-93bpm-prod.mp3 -> C:\Users\Andrii\Downloads\hw-04\mp3
2025-08-20 18:39:53,112 - INFO - Processing file: C:\Users\Andrii\Downloads\DirectoryNews_2024_12_16_10_26_49.xlsx -> C:\Users\Andrii\Downloads\hw-04\xlsx
2025-08-20 18:39:53,115 - INFO - Processing file: C:\Users\Andrii\Downloads\DirectoryNews_2024_12_16_10_28_57.xlsx -> C:\Users\Andrii\Downloads\hw-04\xlsx
2025-08-20 18:39:53,118 - INFO - Processing file: C:\Users\Andrii\Downloads\DirectoryNews_2025_01_21_09_37_10.xlsx -> C:\Users\Andrii\Downloads\hw-04\xlsx
2025-08-20 18:39:53,120 - INFO - Processing file: C:\Users\Andrii\Downloads\DirectorySeoPages_2025_01_21_09_20_12.xlsx -> C:\Users\Andrii\Downloads\hw-04\xlsx
2025-08-20 18:39:53,123 - INFO - Processing file: C:\Users\Andrii\Downloads\DirectorySeoPages_2025_01_21_09_22_04.xlsx -> C:\Users\Andrii\Downloads\hw-04\xlsx
2025-08-20 18:39:53,125 - INFO - Processing file: C:\Users\Andrii\Downloads\DirectorySeoPages_2025_01_21_09_26_01.xlsx -> C:\Users\Andrii\Downloads\hw-04\xlsx
2025-08-20 18:39:53,127 - INFO - Processing file: C:\Users\Andrii\Downloads\DirectorySeoPages_2025_01_21_09_30_09.xlsx -> C:\Users\Andrii\Downloads\hw-04\xlsx
2025-08-20 18:39:53,130 - INFO - Processing file: C:\Users\Andrii\Downloads\DirectorySeoPages_2025_01_21_09_33_17.xlsx -> C:\Users\Andrii\Downloads\hw-04\xlsx
2025-08-20 18:39:54,334 - INFO - Processing file: C:\Users\Andrii\Downloads\Docker Desktop Installer (1).exe -> C:\Users\Andrii\Downloads\hw-04\exe
2025-08-20 18:39:54,558 - INFO - Processing file: C:\Users\Andrii\Downloads\Docker Desktop Installer.exe -> C:\Users\Andrii\Downloads\hw-04\exe
2025-08-20 18:39:54,561 - INFO - Processing file: C:\Users\Andrii\Downloads\download (1).htm -> C:\Users\Andrii\Downloads\hw-04\htm
2025-08-20 18:39:54,563 - INFO - Processing file: C:\Users\Andrii\Downloads\download (2).htm -> C:\Users\Andrii\Downloads\hw-04\htm
2025-08-20 18:39:54,574 - INFO - Processing file: C:\Users\Andrii\Downloads\download (3).htm -> C:\Users\Andrii\Downloads\hw-04\htm
2025-08-20 18:39:54,577 - INFO - Processing file: C:\Users\Andrii\Downloads\download (4).htm -> C:\Users\Andrii\Downloads\hw-04\htm
2025-08-20 18:39:54,579 - INFO - Processing file: C:\Users\Andrii\Downloads\download (5).htm -> C:\Users\Andrii\Downloads\hw-04\htm
2025-08-20 18:39:54,581 - INFO - Processing file: C:\Users\Andrii\Downloads\download (6).htm -> C:\Users\Andrii\Downloads\hw-04\htm
2025-08-20 18:39:54,584 - INFO - Processing file: C:\Users\Andrii\Downloads\download.htm -> C:\Users\Andrii\Downloads\hw-04\htm
2025-08-20 18:39:54,586 - INFO - Processing file: C:\Users\Andrii\Downloads\empty_text_doc.doc -> C:\Users\Andrii\Downloads\hw-04\doc
2025-08-20 18:39:54,588 - INFO - Processing file: C:\Users\Andrii\Downloads\English Excellence 2.0 (Copy) (1).zip -> C:\Users\Andrii\Downloads\hw-04\zip
2025-08-20 18:39:54,591 - INFO - Processing file: C:\Users\Andrii\Downloads\English Excellence 2.0 (Copy) (2).zip -> C:\Users\Andrii\Downloads\hw-04\zip
2025-08-20 18:39:54,594 - INFO - Processing file: C:\Users\Andrii\Downloads\English Excellence 2.0 (Copy) (3).zip -> C:\Users\Andrii\Downloads\hw-04\zip
2025-08-20 18:39:54,596 - INFO - Processing file: C:\Users\Andrii\Downloads\English Excellence 2.0 (Copy).zip -> C:\Users\Andrii\Downloads\hw-04\zip
2025-08-20 18:39:54,599 - INFO - Processing file: C:\Users\Andrii\Downloads\Enrollment-Andrii-Rohovenko.pdf -> C:\Users\Andrii\Downloads\hw-04\pdf
2025-08-20 18:39:54,660 - INFO - Processing file: C:\Users\Andrii\Downloads\EpicInstaller-18.8.1.msi -> C:\Users\Andrii\Downloads\hw-04\msi
2025-08-20 18:39:54,662 - INFO - Processing file: C:\Users\Andrii\Downloads\eur1021.png -> C:\Users\Andrii\Downloads\hw-04\png
2025-08-20 18:39:54,681 - INFO - Processing file: C:\Users\Andrii\Downloads\facebook 1.svg -> C:\Users\Andrii\Downloads\hw-04\svg
2025-08-20 18:39:54,694 - INFO - Processing file: C:\Users\Andrii\Downloads\ffmpeg-2025-07-31-git-119d127d05-essentials_build.7z -> C:\Users\Andrii\Downloads\hw-04\7z
2025-08-20 18:39:54,698 - INFO - Processing file: C:\Users\Andrii\Downloads\FiddlerSetup.5.0.20251.1171-latest.exe -> C:\Users\Andrii\Downloads\hw-04\exe
2025-08-20 18:39:54,702 - INFO - Processing file: C:\Users\Andrii\Downloads\FL2000-2.1.36287.0.exe -> C:\Users\Andrii\Downloads\hw-04\exe
2025-08-20 18:39:54,705 - INFO - Processing file: C:\Users\Andrii\Downloads\floral-spring-background-with-beautiful-flower-free-vector.jpg -> C:\Users\Andrii\Downloads\hw-04\jpg
2025-08-20 18:39:54,707 - INFO - Processing file: C:\Users\Andrii\Downloads\fl_old_format_urls (1).xlsx -> C:\Users\Andrii\Downloads\hw-04\xlsx
2025-08-20 18:39:54,715 - INFO - Processing file: C:\Users\Andrii\Downloads\fl_old_format_urls.xlsx -> C:\Users\Andrii\Downloads\hw-04\xlsx
2025-08-20 18:39:54,717 - INFO - Processing file: C:\Users\Andrii\Downloads\form-data; name=_Article_; filename=_Документ.docx -> C:\Users\Andrii\Downloads\hw-04\docx
2025-08-20 18:39:54,729 - INFO - Processing file: C:\Users\Andrii\Downloads\Frame 34341.svg -> C:\Users\Andrii\Downloads\hw-04\svg
2025-08-20 18:39:54,774 - INFO - Processing file: C:\Users\Andrii\Downloads\GeForce_Experience_v3.28.0.417.exe -> C:\Users\Andrii\Downloads\hw-04\exe
2025-08-20 18:39:54,777 - INFO - Processing file: C:\Users\Andrii\Downloads\goit-advancedjs-hw-01-main.zip -> C:\Users\Andrii\Downloads\hw-04\zip
2025-08-20 18:39:54,779 - INFO - Processing file: C:\Users\Andrii\Downloads\goit-advancedjs-hw-02-gh-pages.zip -> C:\Users\Andrii\Downloads\hw-04\zip
2025-08-20 18:39:54,782 - INFO - Processing file: C:\Users\Andrii\Downloads\goit-advancedjs-hw-02-main (1).zip -> C:\Users\Andrii\Downloads\hw-04\zip
2025-08-20 18:39:54,803 - INFO - Processing file: C:\Users\Andrii\Downloads\goit-advancedjs-hw-02-main (2).zip -> C:\Users\Andrii\Downloads\hw-04\zip
2025-08-20 18:39:54,806 - INFO - Processing file: C:\Users\Andrii\Downloads\goit-advancedjs-hw-02-main (3).zip -> C:\Users\Andrii\Downloads\hw-04\zip
2025-08-20 18:39:54,809 - INFO - Processing file: C:\Users\Andrii\Downloads\goit-advancedjs-hw-02-main.zip -> C:\Users\Andrii\Downloads\hw-04\zip
2025-08-20 18:39:54,812 - INFO - Processing file: C:\Users\Andrii\Downloads\goit-advancedjs-hw-03-main (1).zip -> C:\Users\Andrii\Downloads\hw-04\zip
2025-08-20 18:39:54,815 - INFO - Processing file: C:\Users\Andrii\Downloads\goit-advancedjs-hw-03-main.zip -> C:\Users\Andrii\Downloads\hw-04\zip
2025-08-20 18:39:54,818 - INFO - Processing file: C:\Users\Andrii\Downloads\goit-advancedjs-hw-04-main (1).zip -> C:\Users\Andrii\Downloads\hw-04\zip
2025-08-20 18:39:54,822 - INFO - Processing file: C:\Users\Andrii\Downloads\goit-advancedjs-hw-04-main (2).zip -> C:\Users\Andrii\Downloads\hw-04\zip
2025-08-20 18:39:54,824 - INFO - Processing file: C:\Users\Andrii\Downloads\goit-advancedjs-hw-04-main.zip -> C:\Users\Andrii\Downloads\hw-04\zip
2025-08-20 18:39:54,833 - INFO - Processing file: C:\Users\Andrii\Downloads\goit-advancedjs-hw-05-main.zip -> C:\Users\Andrii\Downloads\hw-04\zip
2025-08-20 18:39:54,835 - INFO - Processing file: C:\Users\Andrii\Downloads\goit-advancedjs-hw-06-main.zip -> C:\Users\Andrii\Downloads\hw-04\zip
2025-08-20 18:39:54,837 - INFO - Processing file: C:\Users\Andrii\Downloads\goit-advancedjs-hw-07-main.zip -> C:\Users\Andrii\Downloads\hw-04\zip
2025-08-20 18:39:54,840 - INFO - Processing file: C:\Users\Andrii\Downloads\goit-js-hw-04-master (1).zip -> C:\Users\Andrii\Downloads\hw-04\zip
2025-08-20 18:39:54,842 - INFO - Processing file: C:\Users\Andrii\Downloads\goit-js-hw-04-master.zip -> C:\Users\Andrii\Downloads\hw-04\zip
2025-08-20 18:39:54,844 - INFO - Processing file: C:\Users\Andrii\Downloads\goit-js-hw-05-master.zip -> C:\Users\Andrii\Downloads\hw-04\zip
2025-08-20 18:39:54,846 - INFO - Processing file: C:\Users\Andrii\Downloads\goit-js-hw-06-master.zip -> C:\Users\Andrii\Downloads\hw-04\zip
2025-08-20 18:39:54,848 - INFO - Processing file: C:\Users\Andrii\Downloads\goit-js-hw-07-master (1).zip -> C:\Users\Andrii\Downloads\hw-04\zip
2025-08-20 18:39:54,850 - INFO - Processing file: C:\Users\Andrii\Downloads\goit-js-hw-07-master.zip -> C:\Users\Andrii\Downloads\hw-04\zip
2025-08-20 18:39:54,858 - INFO - Processing file: C:\Users\Andrii\Downloads\goit-js-hw-08-master.zip -> C:\Users\Andrii\Downloads\hw-04\zip
2025-08-20 18:39:54,874 - INFO - Processing file: C:\Users\Andrii\Downloads\goit-markup-hw-06-master.zip -> C:\Users\Andrii\Downloads\hw-04\zip
2025-08-20 18:39:54,877 - INFO - Processing file: C:\Users\Andrii\Downloads\goit-neo-react-extra-hw-main (1).zip -> C:\Users\Andrii\Downloads\hw-04\zip
2025-08-20 18:39:54,879 - INFO - Processing file: C:\Users\Andrii\Downloads\goit-neo-react-extra-hw-main.zip -> C:\Users\Andrii\Downloads\hw-04\zip
2025-08-20 18:39:54,881 - INFO - Processing file: C:\Users\Andrii\Downloads\goit-neo-react-hw-module1-main.zip -> C:\Users\Andrii\Downloads\hw-04\zip
2025-08-20 18:39:54,883 - INFO - Processing file: C:\Users\Andrii\Downloads\goit-neo-react-hw-module2-main (1).zip -> C:\Users\Andrii\Downloads\hw-04\zip
2025-08-20 18:39:54,885 - INFO - Processing file: C:\Users\Andrii\Downloads\goit-neo-react-hw-module2-main (2).zip -> C:\Users\Andrii\Downloads\hw-04\zip
2025-08-20 18:39:54,887 - INFO - Processing file: C:\Users\Andrii\Downloads\goit-neo-react-hw-module2-main.zip -> C:\Users\Andrii\Downloads\hw-04\zip
2025-08-20 18:39:54,889 - INFO - Processing file: C:\Users\Andrii\Downloads\goit-neo-react-hw-module3-main (1).zip -> C:\Users\Andrii\Downloads\hw-04\zip
2025-08-20 18:39:54,891 - INFO - Processing file: C:\Users\Andrii\Downloads\goit-neo-react-hw-module3-main.zip -> C:\Users\Andrii\Downloads\hw-04\zip
2025-08-20 18:39:54,893 - INFO - Processing file: C:\Users\Andrii\Downloads\goit-neo-react-hw-module4-main.zip -> C:\Users\Andrii\Downloads\hw-04\zip
2025-08-20 18:39:54,896 - INFO - Processing file: C:\Users\Andrii\Downloads\goit-neo-react-hw-module5-main.zip -> C:\Users\Andrii\Downloads\hw-04\zip
2025-08-20 18:39:54,898 - INFO - Processing file: C:\Users\Andrii\Downloads\goit-neo-react-hw-module6-main.zip -> C:\Users\Andrii\Downloads\hw-04\zip
2025-08-20 18:39:54,900 - INFO - Processing file: C:\Users\Andrii\Downloads\goit-neo-react-hw-module7-main.zip -> C:\Users\Andrii\Downloads\hw-04\zip
2025-08-20 18:39:54,903 - INFO - Processing file: C:\Users\Andrii\Downloads\goit-neo-react-hw-test_task-main.zip -> C:\Users\Andrii\Downloads\hw-04\zip
2025-08-20 18:39:54,905 - INFO - Processing file: C:\Users\Andrii\Downloads\goit-pythonweb-hw-01-main.zip -> C:\Users\Andrii\Downloads\hw-04\zip
2025-08-20 18:39:54,907 - INFO - Processing file: C:\Users\Andrii\Downloads\goit-pythonweb-hw-02-main.zip -> C:\Users\Andrii\Downloads\hw-04\zip
2025-08-20 18:39:54,909 - INFO - Processing file: C:\Users\Andrii\Downloads\goit-pythonweb-hw-03-main.zip -> C:\Users\Andrii\Downloads\hw-04\zip
2025-08-20 18:39:54,912 - INFO - Processing file: C:\Users\Andrii\Downloads\goit-vs-code-extension-d39bc1c2-a122-3b21-9621-29ae3c46778d.vsix -> C:\Users\Andrii\Downloads\hw-04\vsix
2025-08-20 18:39:54,914 - INFO - Processing file: C:\Users\Andrii\Downloads\Header 3.svg -> C:\Users\Andrii\Downloads\hw-04\svg
2025-08-20 18:39:54,916 - INFO - Processing file: C:\Users\Andrii\Downloads\hero-section-bg-img-1x.jpg -> C:\Users\Andrii\Downloads\hw-04\jpg
2025-08-20 18:39:54,919 - INFO - Processing file: C:\Users\Andrii\Downloads\hero-section-bg-img-2x.jpg -> C:\Users\Andrii\Downloads\hw-04\jpg
2025-08-20 18:39:54,921 - INFO - Processing file: C:\Users\Andrii\Downloads\heroicons-solid_menu.svg -> C:\Users\Andrii\Downloads\hw-04\svg
2025-08-20 18:39:54,923 - INFO - Processing file: C:\Users\Andrii\Downloads\icomoon.zip -> C:\Users\Andrii\Downloads\hw-04\zip
2025-08-20 18:39:54,925 - INFO - Processing file: C:\Users\Andrii\Downloads\IL_survey.zip -> C:\Users\Andrii\Downloads\hw-04\zip
2025-08-20 18:39:54,927 - INFO - Processing file: C:\Users\Andrii\Downloads\image (1).png -> C:\Users\Andrii\Downloads\hw-04\png
2025-08-20 18:39:54,929 - INFO - Processing file: C:\Users\Andrii\Downloads\image (2).png -> C:\Users\Andrii\Downloads\hw-04\png
2025-08-20 18:39:54,932 - INFO - Processing file: C:\Users\Andrii\Downloads\image.png -> C:\Users\Andrii\Downloads\hw-04\png
2025-08-20 18:39:54,934 - INFO - Processing file: C:\Users\Andrii\Downloads\import_template_sample.csv -> C:\Users\Andrii\Downloads\hw-04\csv
2025-08-20 18:39:54,936 - INFO - Processing file: C:\Users\Andrii\Downloads\instagram 2.svg -> C:\Users\Andrii\Downloads\hw-04\svg
2025-08-20 18:39:54,944 - INFO - Processing file: C:\Users\Andrii\Downloads\Install_M-Audio_MobilePre_1.1.8.zip -> C:\Users\Andrii\Downloads\hw-04\zip
2025-08-20 18:39:54,964 - INFO - Processing file: C:\Users\Andrii\Downloads\InvestingLive __ Website Design (1).zip -> C:\Users\Andrii\Downloads\hw-04\zip
2025-08-20 18:39:54,967 - INFO - Processing file: C:\Users\Andrii\Downloads\InvestingLive __ Website Design (10).zip -> C:\Users\Andrii\Downloads\hw-04\zip
2025-08-20 18:39:54,969 - INFO - Processing file: C:\Users\Andrii\Downloads\InvestingLive __ Website Design (2).zip -> C:\Users\Andrii\Downloads\hw-04\zip
2025-08-20 18:39:54,971 - INFO - Processing file: C:\Users\Andrii\Downloads\InvestingLive __ Website Design (3).zip -> C:\Users\Andrii\Downloads\hw-04\zip
2025-08-20 18:39:54,974 - INFO - Processing file: C:\Users\Andrii\Downloads\InvestingLive __ Website Design (4).zip -> C:\Users\Andrii\Downloads\hw-04\zip
2025-08-20 18:39:54,976 - INFO - Processing file: C:\Users\Andrii\Downloads\InvestingLive __ Website Design (5).zip -> C:\Users\Andrii\Downloads\hw-04\zip
2025-08-20 18:39:54,978 - INFO - Processing file: C:\Users\Andrii\Downloads\InvestingLive __ Website Design (6).zip -> C:\Users\Andrii\Downloads\hw-04\zip
2025-08-20 18:39:54,980 - INFO - Processing file: C:\Users\Andrii\Downloads\InvestingLive __ Website Design (7).zip -> C:\Users\Andrii\Downloads\hw-04\zip
2025-08-20 18:39:54,982 - INFO - Processing file: C:\Users\Andrii\Downloads\InvestingLive __ Website Design (8).zip -> C:\Users\Andrii\Downloads\hw-04\zip
2025-08-20 18:39:54,985 - INFO - Processing file: C:\Users\Andrii\Downloads\InvestingLive __ Website Design (9).zip -> C:\Users\Andrii\Downloads\hw-04\zip
2025-08-20 18:39:54,987 - INFO - Processing file: C:\Users\Andrii\Downloads\InvestingLive __ Website Design.zip -> C:\Users\Andrii\Downloads\hw-04\zip
2025-08-20 18:39:54,989 - INFO - Processing file: C:\Users\Andrii\Downloads\Invoice Rohovenko 01.25.docx -> C:\Users\Andrii\Downloads\hw-04\docx
2025-08-20 18:39:54,991 - INFO - Processing file: C:\Users\Andrii\Downloads\Invoice Rohovenko 02.25.docx -> C:\Users\Andrii\Downloads\hw-04\docx
2025-08-20 18:39:54,993 - INFO - Processing file: C:\Users\Andrii\Downloads\Invoice Rohovenko 03.25.docx -> C:\Users\Andrii\Downloads\hw-04\docx
2025-08-20 18:39:54,995 - INFO - Processing file: C:\Users\Andrii\Downloads\Invoice Rohovenko 04.25.docx -> C:\Users\Andrii\Downloads\hw-04\docx
2025-08-20 18:39:54,997 - INFO - Processing file: C:\Users\Andrii\Downloads\Invoice Rohovenko 06.25.docx -> C:\Users\Andrii\Downloads\hw-04\docx
2025-08-20 18:39:54,999 - INFO - Processing file: C:\Users\Andrii\Downloads\Invoice Rohovenko 07.25.docx -> C:\Users\Andrii\Downloads\hw-04\docx
2025-08-20 18:39:55,001 - INFO - Processing file: C:\Users\Andrii\Downloads\Invoice Rohovenko 09.24.docx -> C:\Users\Andrii\Downloads\hw-04\docx
2025-08-20 18:39:55,021 - INFO - Processing file: C:\Users\Andrii\Downloads\Invoice Rohovenko 11.24.docx -> C:\Users\Andrii\Downloads\hw-04\docx
2025-08-20 18:39:55,023 - INFO - Processing file: C:\Users\Andrii\Downloads\Invoice Rohovenko 12.24 (1).docx -> C:\Users\Andrii\Downloads\hw-04\docx
2025-08-20 18:39:55,025 - INFO - Processing file: C:\Users\Andrii\Downloads\Invoice Rohovenko 12.24 (2).docx -> C:\Users\Andrii\Downloads\hw-04\docx
2025-08-20 18:39:55,027 - INFO - Processing file: C:\Users\Andrii\Downloads\Invoice Rohovenko 12.24.docx -> C:\Users\Andrii\Downloads\hw-04\docx
2025-08-20 18:39:55,030 - INFO - Processing file: C:\Users\Andrii\Downloads\Invoice Rohovenko A . 10.24 (1).docx -> C:\Users\Andrii\Downloads\hw-04\docx
2025-08-20 18:39:55,032 - INFO - Processing file: C:\Users\Andrii\Downloads\Invoice Rohovenko A . 10.24.docx -> C:\Users\Andrii\Downloads\hw-04\docx
2025-08-20 18:39:55,035 - INFO - Processing file: C:\Users\Andrii\Downloads\Justin Low_id_72bb3bf4-0a32-4bf2-bd9c-4bc094a66bef_size50.jpeg -> C:\Users\Andrii\Downloads\hw-04\jpeg
2025-08-20 18:39:55,038 - INFO - Processing file: C:\Users\Andrii\Downloads\KeePass-2.57.1-Setup.exe -> C:\Users\Andrii\Downloads\hw-04\exe
2025-08-20 18:39:55,041 - INFO - Processing file: C:\Users\Andrii\Downloads\Libertex awards_id_388a5cbb-9aaf-4f9e-91f7-9111abb80ce3_size50.jpeg -> C:\Users\Andrii\Downloads\hw-04\jpeg
2025-08-20 18:39:55,043 - INFO - Processing file: C:\Users\Andrii\Downloads\linkedin 1.svg -> C:\Users\Andrii\Downloads\hw-04\svg
2025-08-20 18:39:55,045 - INFO - Processing file: C:\Users\Andrii\Downloads\log (1).json -> C:\Users\Andrii\Downloads\hw-04\json
2025-08-20 18:39:55,118 - INFO - Processing file: C:\Users\Andrii\Downloads\log.json -> C:\Users\Andrii\Downloads\hw-04\json
2025-08-20 18:39:55,120 - INFO - Processing file: C:\Users\Andrii\Downloads\log.txt -> C:\Users\Andrii\Downloads\hw-04\txt
2025-08-20 18:39:55,122 - INFO - Processing file: C:\Users\Andrii\Downloads\logo-300x100.png -> C:\Users\Andrii\Downloads\hw-04\png
2025-08-20 18:39:55,124 - INFO - Processing file: C:\Users\Andrii\Downloads\log_a.json -> C:\Users\Andrii\Downloads\hw-04\json
2025-08-20 18:39:55,126 - INFO - Processing file: C:\Users\Andrii\Downloads\log_b.json -> C:\Users\Andrii\Downloads\hw-04\json
2025-08-20 18:39:55,128 - INFO - Processing file: C:\Users\Andrii\Downloads\memoji.png -> C:\Users\Andrii\Downloads\hw-04\png
2025-08-20 18:39:55,130 - INFO - Processing file: C:\Users\Andrii\Downloads\memoji.svg -> C:\Users\Andrii\Downloads\hw-04\svg
2025-08-20 18:39:55,133 - INFO - Processing file: C:\Users\Andrii\Downloads\message.txt -> C:\Users\Andrii\Downloads\hw-04\txt
2025-08-20 18:39:55,234 - INFO - Processing file: C:\Users\Andrii\Downloads\Meta Quest Remote Desktop Setup.msi -> C:\Users\Andrii\Downloads\hw-04\msi
2025-08-20 18:39:55,241 - INFO - Processing file: C:\Users\Andrii\Downloads\mobile_1x.png -> C:\Users\Andrii\Downloads\hw-04\png
2025-08-20 18:39:55,250 - INFO - Processing file: C:\Users\Andrii\Downloads\mobile_2x.png -> C:\Users\Andrii\Downloads\hw-04\png
2025-08-20 18:39:55,260 - INFO - Processing file: C:\Users\Andrii\Downloads\nft-promo-260656.mp3 -> C:\Users\Andrii\Downloads\hw-04\mp3
2025-08-20 18:39:55,288 - INFO - Processing file: C:\Users\Andrii\Downloads\node-v22.12.0-x64.msi -> C:\Users\Andrii\Downloads\hw-04\msi
2025-08-20 18:39:55,308 - INFO - Processing file: C:\Users\Andrii\Downloads\node-v22.14.0-x64.msi -> C:\Users\Andrii\Downloads\hw-04\msi
2025-08-20 18:39:55,312 - INFO - Processing file: C:\Users\Andrii\Downloads\nvm-setup (1).exe -> C:\Users\Andrii\Downloads\hw-04\exe
2025-08-20 18:39:55,316 - INFO - Processing file: C:\Users\Andrii\Downloads\nvm-setup.exe -> C:\Users\Andrii\Downloads\hw-04\exe
2025-08-20 18:39:55,320 - INFO - Processing file: C:\Users\Andrii\Downloads\nvm-windows-master.zip -> C:\Users\Andrii\Downloads\hw-04\zip
2025-08-20 18:39:55,323 - INFO - Processing file: C:\Users\Andrii\Downloads\OG - img (1).png -> C:\Users\Andrii\Downloads\hw-04\png
2025-08-20 18:39:55,326 - INFO - Processing file: C:\Users\Andrii\Downloads\OG - img.png -> C:\Users\Andrii\Downloads\hw-04\png
2025-08-20 18:39:55,361 - INFO - Processing file: C:\Users\Andrii\Downloads\openvpn-connect-3.6.0.4074_signed.msi -> C:\Users\Andrii\Downloads\hw-04\msi
2025-08-20 18:39:55,396 - INFO - Processing file: C:\Users\Andrii\Downloads\openvpn-connect-3.7.2.4253_signed.msi -> C:\Users\Andrii\Downloads\hw-04\msi
2025-08-20 18:39:55,398 - INFO - Processing file: C:\Users\Andrii\Downloads\people-office_hero_section_img.jpg -> C:\Users\Andrii\Downloads\hw-04\jpg
2025-08-20 18:39:55,400 - INFO - Processing file: C:\Users\Andrii\Downloads\Picture-min.jpg -> C:\Users\Andrii\Downloads\hw-04\jpg
2025-08-20 18:39:55,404 - INFO - Processing file: C:\Users\Andrii\Downloads\Picture.jpg -> C:\Users\Andrii\Downloads\hw-04\jpg
2025-08-20 18:39:55,406 - INFO - Processing file: C:\Users\Andrii\Downloads\portfolio-img-0-1x.jpg -> C:\Users\Andrii\Downloads\hw-04\jpg
2025-08-20 18:39:55,408 - INFO - Processing file: C:\Users\Andrii\Downloads\portfolio-img-0-2x.jpg -> C:\Users\Andrii\Downloads\hw-04\jpg
2025-08-20 18:39:55,410 - INFO - Processing file: C:\Users\Andrii\Downloads\portfolio-img-1-1x.jpg -> C:\Users\Andrii\Downloads\hw-04\jpg
2025-08-20 18:39:55,413 - INFO - Processing file: C:\Users\Andrii\Downloads\portfolio-img-1-2x.jpg -> C:\Users\Andrii\Downloads\hw-04\jpg
2025-08-20 18:39:55,415 - INFO - Processing file: C:\Users\Andrii\Downloads\portfolio-img-2-1x.jpg -> C:\Users\Andrii\Downloads\hw-04\jpg
2025-08-20 18:39:55,417 - INFO - Processing file: C:\Users\Andrii\Downloads\portfolio-img-2-2x.jpg -> C:\Users\Andrii\Downloads\hw-04\jpg
2025-08-20 18:39:55,419 - INFO - Processing file: C:\Users\Andrii\Downloads\portfolio-img-3-1x.jpg -> C:\Users\Andrii\Downloads\hw-04\jpg
2025-08-20 18:39:55,433 - INFO - Processing file: C:\Users\Andrii\Downloads\portfolio-img-3-2x.jpg -> C:\Users\Andrii\Downloads\hw-04\jpg
2025-08-20 18:39:55,435 - INFO - Processing file: C:\Users\Andrii\Downloads\portfolio-img-4-1x.jpg -> C:\Users\Andrii\Downloads\hw-04\jpg
2025-08-20 18:39:55,437 - INFO - Processing file: C:\Users\Andrii\Downloads\portfolio-img-4-2x.jpg -> C:\Users\Andrii\Downloads\hw-04\jpg
2025-08-20 18:39:55,439 - INFO - Processing file: C:\Users\Andrii\Downloads\portfolio-img-5-1x.jpg -> C:\Users\Andrii\Downloads\hw-04\jpg
2025-08-20 18:39:55,442 - INFO - Processing file: C:\Users\Andrii\Downloads\portfolio-img-5-2x.jpg -> C:\Users\Andrii\Downloads\hw-04\jpg
2025-08-20 18:39:55,487 - INFO - Processing file: C:\Users\Andrii\Downloads\Postman-win64-Setup.exe -> C:\Users\Andrii\Downloads\hw-04\exe
2025-08-20 18:39:55,489 - INFO - Processing file: C:\Users\Andrii\Downloads\Profile (1).pdf -> C:\Users\Andrii\Downloads\hw-04\pdf
2025-08-20 18:39:55,491 - INFO - Processing file: C:\Users\Andrii\Downloads\Profile (2).pdf -> C:\Users\Andrii\Downloads\hw-04\pdf
2025-08-20 18:39:55,493 - INFO - Processing file: C:\Users\Andrii\Downloads\Profile (3).pdf -> C:\Users\Andrii\Downloads\hw-04\pdf
2025-08-20 18:39:55,495 - INFO - Processing file: C:\Users\Andrii\Downloads\Profile.pdf -> C:\Users\Andrii\Downloads\hw-04\pdf
2025-08-20 18:39:55,497 - INFO - Processing file: C:\Users\Andrii\Downloads\programmatic heatmap cropped for featured image_id_6f49b016-816e-4d84-b1d7-c18c14194a11_original.jpg -> C:\Users\Andrii\Downloads\hw-04\jpg
2025-08-20 18:39:55,499 - INFO - Processing file: C:\Users\Andrii\Downloads\promotion_log.json -> C:\Users\Andrii\Downloads\hw-04\json
2025-08-20 18:40:02,480 - INFO - Processing file: C:\Users\Andrii\Downloads\pycharm-community-2024.3.exe -> C:\Users\Andrii\Downloads\hw-04\exe
2025-08-20 18:40:02,492 - INFO - Processing file: C:\Users\Andrii\Downloads\Python-3.11.13.tgz -> C:\Users\Andrii\Downloads\hw-04\tgz
2025-08-20 18:40:02,505 - INFO - Processing file: C:\Users\Andrii\Downloads\python-3.13.0-amd64.exe -> C:\Users\Andrii\Downloads\hw-04\exe
2025-08-20 18:40:02,507 - INFO - Processing file: C:\Users\Andrii\Downloads\q12076.pdf -> C:\Users\Andrii\Downloads\hw-04\pdf
2025-08-20 18:40:02,515 - INFO - Processing file: C:\Users\Andrii\Downloads\q22024.pdf -> C:\Users\Andrii\Downloads\hw-04\pdf
2025-08-20 18:40:02,518 - INFO - Processing file: C:\Users\Andrii\Downloads\q42023.pdf -> C:\Users\Andrii\Downloads\hw-04\pdf
2025-08-20 18:40:02,520 - INFO - Processing file: C:\Users\Andrii\Downloads\QA company test on stage_id_191dcfd7-c12c-4dff-a7d4-278ef20cd5e7_original.jpg -> C:\Users\Andrii\Downloads\hw-04\jpg
2025-08-20 18:40:02,522 - INFO - Processing file: C:\Users\Andrii\Downloads\Rating.svg -> C:\Users\Andrii\Downloads\hw-04\svg
2025-08-20 18:40:02,525 - INFO - Processing file: C:\Users\Andrii\Downloads\rchids-4202820_1280 (1).jpg -> C:\Users\Andrii\Downloads\hw-04\jpg
2025-08-20 18:40:02,528 - INFO - Processing file: C:\Users\Andrii\Downloads\rchids-4202820_1280 (2).jpg -> C:\Users\Andrii\Downloads\hw-04\jpg
2025-08-20 18:40:02,530 - INFO - Processing file: C:\Users\Andrii\Downloads\rchids-4202820_1280 (3).jpg -> C:\Users\Andrii\Downloads\hw-04\jpg
2025-08-20 18:40:02,533 - INFO - Processing file: C:\Users\Andrii\Downloads\rchids-4202820_1280 (4).jpg -> C:\Users\Andrii\Downloads\hw-04\jpg
2025-08-20 18:40:02,536 - INFO - Processing file: C:\Users\Andrii\Downloads\rchids-4202820_1280 (5).jpg -> C:\Users\Andrii\Downloads\hw-04\jpg
2025-08-20 18:40:02,538 - INFO - Processing file: C:\Users\Andrii\Downloads\rchids-4202820_1280 (6).jpg -> C:\Users\Andrii\Downloads\hw-04\jpg
2025-08-20 18:40:02,541 - INFO - Processing file: C:\Users\Andrii\Downloads\rchids-4202820_1280 (7).jpg -> C:\Users\Andrii\Downloads\hw-04\jpg
2025-08-20 18:40:02,544 - INFO - Processing file: C:\Users\Andrii\Downloads\rchids-4202820_1280.jpg -> C:\Users\Andrii\Downloads\hw-04\jpg
2025-08-20 18:40:02,553 - INFO - Processing file: C:\Users\Andrii\Downloads\Screenpresso.exe -> C:\Users\Andrii\Downloads\hw-04\exe
2025-08-20 18:40:02,556 - INFO - Processing file: C:\Users\Andrii\Downloads\server.json -> C:\Users\Andrii\Downloads\hw-04\json
2025-08-20 18:40:02,558 - INFO - Processing file: C:\Users\Andrii\Downloads\server.log -> C:\Users\Andrii\Downloads\hw-04\log
2025-08-20 18:40:02,560 - INFO - Processing file: C:\Users\Andrii\Downloads\server_log.json -> C:\Users\Andrii\Downloads\hw-04\json
2025-08-20 18:40:02,563 - INFO - Processing file: C:\Users\Andrii\Downloads\speaker_3-[AudioTrimmer.com].wav -> C:\Users\Andrii\Downloads\hw-04\wav
2025-08-20 18:40:02,567 - INFO - Processing file: C:\Users\Andrii\Downloads\speaker_3.wav -> C:\Users\Andrii\Downloads\hw-04\wav
2025-08-20 18:40:02,569 - INFO - Processing file: C:\Users\Andrii\Downloads\stacktrace.txt -> C:\Users\Andrii\Downloads\hw-04\txt
2025-08-20 18:40:02,572 - INFO - Processing file: C:\Users\Andrii\Downloads\SteamSetup.exe -> C:\Users\Andrii\Downloads\hw-04\exe
2025-08-20 18:40:02,578 - INFO - Processing file: C:\Users\Andrii\Downloads\Stock heatmap by FinViz.com 2025_08_15T02_46_05_id_1676c815-5173-451e-8214-7f11e4ccc6f7_original (1).jpeg -> C:\Users\Andrii\Downloads\hw-04\jpeg
2025-08-20 18:40:02,581 - INFO - Processing file: C:\Users\Andrii\Downloads\Stock heatmap by FinViz.com 2025_08_15T02_46_05_id_1676c815-5173-451e-8214-7f11e4ccc6f7_original.jpeg -> C:\Users\Andrii\Downloads\hw-04\jpeg
2025-08-20 18:40:02,583 - INFO - Processing file: C:\Users\Andrii\Downloads\SuggestedCompanies_2025_03_07_11_00_28.xlsx -> C:\Users\Andrii\Downloads\hw-04\xlsx
2025-08-20 18:40:02,586 - INFO - Processing file: C:\Users\Andrii\Downloads\SuggestedCompanies_2025_03_07_11_32_50.xlsx -> C:\Users\Andrii\Downloads\hw-04\xlsx
2025-08-20 18:40:02,588 - INFO - Processing file: C:\Users\Andrii\Downloads\Svg Menu Icons.zip -> C:\Users\Andrii\Downloads\hw-04\zip
2025-08-20 18:40:02,591 - INFO - Processing file: C:\Users\Andrii\Downloads\tablet-hero-section-bg-image-1x.jpg -> C:\Users\Andrii\Downloads\hw-04\jpg
2025-08-20 18:40:02,595 - INFO - Processing file: C:\Users\Andrii\Downloads\tablet-hero-section-bg-image-2x.jpg -> C:\Users\Andrii\Downloads\hw-04\jpg
2025-08-20 18:40:02,597 - INFO - Processing file: C:\Users\Andrii\Downloads\tablet_1x.png -> C:\Users\Andrii\Downloads\hw-04\png
2025-08-20 18:40:02,600 - INFO - Processing file: C:\Users\Andrii\Downloads\tablet_2x.png -> C:\Users\Andrii\Downloads\hw-04\png
2025-08-20 18:40:02,602 - INFO - Processing file: C:\Users\Andrii\Downloads\Technology LinkedIn Banner in Blue White and Grey Modern Style.png -> C:\Users\Andrii\Downloads\hw-04\png
2025-08-20 18:40:02,606 - INFO - Processing file: C:\Users\Andrii\Downloads\Test_id_9220c148-e2b4-44a9-8c1c-427077ed7342_original (1).jpeg -> C:\Users\Andrii\Downloads\hw-04\jpeg
2025-08-20 18:40:02,608 - INFO - Processing file: C:\Users\Andrii\Downloads\Test_id_9220c148-e2b4-44a9-8c1c-427077ed7342_original.jpeg -> C:\Users\Andrii\Downloads\hw-04\jpeg
2025-08-20 18:40:02,610 - INFO - Processing file: C:\Users\Andrii\Downloads\twitter 1.svg -> C:\Users\Andrii\Downloads\hw-04\svg
2025-08-20 18:40:02,621 - INFO - Processing file: C:\Users\Andrii\Downloads\Untitled video - Made with Clipchamp.mp4 -> C:\Users\Andrii\Downloads\hw-04\mp4
2025-08-20 18:40:02,623 - INFO - Processing file: C:\Users\Andrii\Downloads\upbeat-bass-and-clap-260666.mp3 -> C:\Users\Andrii\Downloads\hw-04\mp3
2025-08-20 18:40:02,627 - INFO - Processing file: C:\Users\Andrii\Downloads\Updater.exe -> C:\Users\Andrii\Downloads\hw-04\exe
2025-08-20 18:40:02,630 - INFO - Processing file: C:\Users\Andrii\Downloads\Vector (1).svg -> C:\Users\Andrii\Downloads\hw-04\svg
2025-08-20 18:40:02,632 - INFO - Processing file: C:\Users\Andrii\Downloads\Vector (2).svg -> C:\Users\Andrii\Downloads\hw-04\svg
2025-08-20 18:40:02,634 - INFO - Processing file: C:\Users\Andrii\Downloads\Vector.svg -> C:\Users\Andrii\Downloads\hw-04\svg
2025-08-20 18:40:02,636 - INFO - Processing file: C:\Users\Andrii\Downloads\Videos_2024_12_13_14_51_17.xlsx -> C:\Users\Andrii\Downloads\hw-04\xlsx
2025-08-20 18:40:02,638 - INFO - Processing file: C:\Users\Andrii\Downloads\Videos_2024_12_13_15_50_38.xlsx -> C:\Users\Andrii\Downloads\hw-04\xlsx
2025-08-20 18:40:02,675 - INFO - Processing file: C:\Users\Andrii\Downloads\VirtualDesktop.Streamer.Setup.exe -> C:\Users\Andrii\Downloads\hw-04\exe
2025-08-20 18:40:02,677 - INFO - Processing file: C:\Users\Andrii\Downloads\Web Studio (Version 5.0) (Copy).zip -> C:\Users\Andrii\Downloads\hw-04\zip
2025-08-20 18:40:02,679 - INFO - Processing file: C:\Users\Andrii\Downloads\wti-daily-april-1.png -> C:\Users\Andrii\Downloads\hw-04\png
2025-08-20 18:40:02,685 - INFO - Processing file: C:\Users\Andrii\Downloads\your-energy-main.zip -> C:\Users\Andrii\Downloads\hw-04\zip
2025-08-20 18:40:02,687 - INFO - Processing file: C:\Users\Andrii\Downloads\YourEnergy (1).zip -> C:\Users\Andrii\Downloads\hw-04\zip
2025-08-20 18:40:02,690 - INFO - Processing file: C:\Users\Andrii\Downloads\YourEnergy (Copy).zip -> C:\Users\Andrii\Downloads\hw-04\zip
2025-08-20 18:40:02,747 - INFO - Processing file: C:\Users\Andrii\Downloads\YourEnergy.fig -> C:\Users\Andrii\Downloads\hw-04\fig
2025-08-20 18:40:02,749 - INFO - Processing file: C:\Users\Andrii\Downloads\YourEnergy.zip -> C:\Users\Andrii\Downloads\hw-04\zip
2025-08-20 18:40:02,793 - INFO - Processing file: C:\Users\Andrii\Downloads\Zoom_cm_ds_m5-nHsIly9XCUsCgSG2ieXEwql4Aig5kUzsJG@YVB4zzhWEpSx2l19_kc1dfc9d4c0e90b0f_.exe -> C:\Users\Andrii\Downloads\hw-04\exe
2025-08-20 18:40:02,795 - INFO - Processing file: C:\Users\Andrii\Downloads\Домашня робота. Дослідження ринку праці. Підбір каналів для пошуку роботи (1).xlsx -> C:\Users\Andrii\Downloads\hw-04\xlsx
2025-08-20 18:40:02,797 - INFO - Processing file: C:\Users\Andrii\Downloads\Домашня робота. Дослідження ринку праці. Підбір каналів для пошуку роботи.xlsx -> C:\Users\Andrii\Downloads\hw-04\xlsx
2025-08-20 18:40:02,883 - INFO - Processing file: C:\Users\Andrii\Downloads\Полнометражный мультфильм Беймакс 2022 смотреть в хорошем качестве.mp4 -> C:\Users\Andrii\Downloads\hw-04\mp4
